<?xml version="1.0" encoding="UTF-8" ?>
<testsuite tests="16" failures="1" name="com.revature.project_0.Test.OracleTest" time="10.741" errors="0" skipped="0">
  <properties>
[...]
</properties>
  <testcase classname="com.revature.project_0.Test.OracleTest" name="sendUserQueryWithValidName" time="5.336"/>
  <testcase classname="com.revature.project_0.Test.OracleTest" name="callInsertAccountOnExistingUser" time="0.59"/>
  <testcase classname="com.revature.project_0.Test.OracleTest" name="userExistsWithValidName" time="0.604"/>
  <testcase classname="com.revature.project_0.Test.OracleTest" name="callUpdateUsernameOnExistingUser" time="0.223"/>
  <testcase classname="com.revature.project_0.Test.OracleTest" name="sendUserQueryWithInvalidName" time="0.409"/>
  <testcase classname="com.revature.project_0.Test.OracleTest" name="userExistsWithInvalidName" time="0.205"/>
  <testcase classname="com.revature.project_0.Test.OracleTest" name="sendAccountQueryForExistingAccount" time="0.306"/>
  <testcase classname="com.revature.project_0.Test.OracleTest" name="callInsertUserWithValidName" time="0.406"/>
  <testcase classname="com.revature.project_0.Test.OracleTest" name="callDepositBalanceOnExistingAccount" time="0.452">
    <failure message="expected:&lt;Optional[7]&gt; but was:&lt;Optional[6]&gt;" type="java.lang.AssertionError">java.lang.AssertionError: expected:&lt;Optional[7]&gt; but was:&lt;Optional[6]&gt;
	at org.junit.Assert.fail(Assert.java:88)
	at org.junit.Assert.failNotEquals(Assert.java:834)
	at org.junit.Assert.assertEquals(Assert.java:118)
	at org.junit.Assert.assertEquals(Assert.java:144)
	at com.revature.project_0.Test.OracleTest.callDepositBalanceOnExistingAccount(OracleTest.java:125)
	at sun.reflect.NativeMethodAccessorImpl.invoke0(Native Method)
	at sun.reflect.NativeMethodAccessorImpl.invoke(NativeMethodAccessorImpl.java:62)
	at sun.reflect.DelegatingMethodAccessorImpl.invoke(DelegatingMethodAccessorImpl.java:43)
	at java.lang.reflect.Method.invoke(Method.java:498)
	at org.junit.runners.model.FrameworkMethod$1.runReflectiveCall(FrameworkMethod.java:50)
	at org.junit.internal.runners.model.ReflectiveCallable.run(ReflectiveCallable.java:12)
	at org.junit.runners.model.FrameworkMethod.invokeExplosively(FrameworkMethod.java:47)
	at org.junit.internal.runners.statements.InvokeMethod.evaluate(InvokeMethod.java:17)
	at org.junit.runners.ParentRunner.runLeaf(ParentRunner.java:325)
	at org.junit.runners.BlockJUnit4ClassRunner.runChild(BlockJUnit4ClassRunner.java:78)
	at org.junit.runners.BlockJUnit4ClassRunner.runChild(BlockJUnit4ClassRunner.java:57)
	at org.junit.runners.ParentRunner$3.run(ParentRunner.java:290)
	at org.junit.runners.ParentRunner$1.schedule(ParentRunner.java:71)
	at org.junit.runners.ParentRunner.runChildren(ParentRunner.java:288)
	at org.junit.runners.ParentRunner.access$000(ParentRunner.java:58)
	at org.junit.runners.ParentRunner$2.evaluate(ParentRunner.java:268)
	at org.junit.internal.runners.statements.RunBefores.evaluate(RunBefores.java:26)
	at org.junit.internal.runners.statements.RunAfters.evaluate(RunAfters.java:27)
	at org.junit.runners.ParentRunner.run(ParentRunner.java:363)
	at org.apache.maven.surefire.junit4.JUnit4Provider.execute(JUnit4Provider.java:252)
	at org.apache.maven.surefire.junit4.JUnit4Provider.executeTestSet(JUnit4Provider.java:141)
	at org.apache.maven.surefire.junit4.JUnit4Provider.invoke(JUnit4Provider.java:112)
	at sun.reflect.NativeMethodAccessorImpl.invoke0(Native Method)
	at sun.reflect.NativeMethodAccessorImpl.invoke(NativeMethodAccessorImpl.java:62)
	at sun.reflect.DelegatingMethodAccessorImpl.invoke(DelegatingMethodAccessorImpl.java:43)
	at java.lang.reflect.Method.invoke(Method.java:498)
	at org.apache.maven.surefire.util.ReflectionUtils.invokeMethodWithArray(ReflectionUtils.java:189)
	at org.apache.maven.surefire.booter.ProviderFactory$ProviderProxy.invoke(ProviderFactory.java:165)
	at org.apache.maven.surefire.booter.ProviderFactory.invokeProvider(ProviderFactory.java:85)
	at org.apache.maven.surefire.booter.ForkedBooter.runSuitesInProcess(ForkedBooter.java:115)
	at org.apache.maven.surefire.booter.ForkedBooter.main(ForkedBooter.java:75)
</failure>
  </testcase>
  <testcase classname="com.revature.project_0.Test.OracleTest" name="callUpdatePasswordOnExistingUser" time="0.163"/>
  <testcase classname="com.revature.project_0.Test.OracleTest" name="callDeleteAccountOnExistingAccount" time="0.699"/>
  <testcase classname="com.revature.project_0.Test.OracleTest" name="sendAccountOwnerQueryForNonexistentUser" time="0.093"/>
  <testcase classname="com.revature.project_0.Test.OracleTest" name="callDeleteUserOnExistingUser" time="0.04"/>
  <testcase classname="com.revature.project_0.Test.OracleTest" name="sendAccountOwnerQueryForExistingUser" time="0.307"/>
  <testcase classname="com.revature.project_0.Test.OracleTest" name="callInsertAccountOnNonexistentUser" time="0.421"/>
  <testcase classname="com.revature.project_0.Test.OracleTest" name="callInsertUserWithTakenName" time="0.487"/>
</testsuite>