<?xml version="1.0" encoding="UTF-8" ?>
<testsuite tests="28" failures="0" name="com.revature.project_0.Test.ServiceTest" time="8.684" errors="0" skipped="0">
  <properties>
[...]
</properties>
  <testcase classname="com.revature.project_0.Test.ServiceTest" name="deleteAccountWithBalance" time="0.592"/>
  <testcase classname="com.revature.project_0.Test.ServiceTest" name="updateusernameWithTakenName" time="1.012"/>
  <testcase classname="com.revature.project_0.Test.ServiceTest" name="makeDepositOfZero" time="0"/>
  <testcase classname="com.revature.project_0.Test.ServiceTest" name="makeWithdrawalFromNonexistentAccount" time="0.051"/>
  <testcase classname="com.revature.project_0.Test.ServiceTest" name="deleteNonexistentAccount" time="0.093"/>
  <testcase classname="com.revature.project_0.Test.ServiceTest" name="adminLogInWithValidCredentials" time="0.001"/>
  <testcase classname="com.revature.project_0.Test.ServiceTest" name="retrieveExistingAccount" time="0.304"/>
  <testcase classname="com.revature.project_0.Test.ServiceTest" name="deleteUserWithActiveAccounts" time="0.779"/>
  <testcase classname="com.revature.project_0.Test.ServiceTest" name="userLogInWithInvalidUsername" time="0.509"/>
  <testcase classname="com.revature.project_0.Test.ServiceTest" name="makeDepositToAccountFromWrongOwner" time="0.309"/>
  <testcase classname="com.revature.project_0.Test.ServiceTest" name="viewUserWithInvalidUsername" time="0.042"/>
  <testcase classname="com.revature.project_0.Test.ServiceTest" name="retrieveUserAccounts" time="0.055"/>
  <testcase classname="com.revature.project_0.Test.ServiceTest" name="deleteExistingUser" time="0.596"/>
  <testcase classname="com.revature.project_0.Test.ServiceTest" name="updateUsernameWithNonexistentUser" time="0.273"/>
  <testcase classname="com.revature.project_0.Test.ServiceTest" name="userLogInWithValidCredentials" time="0.301"/>
  <testcase classname="com.revature.project_0.Test.ServiceTest" name="retrieveNonexistentTransaction" time="0.044"/>
  <testcase classname="com.revature.project_0.Test.ServiceTest" name="createUserWithTakenName" time="0.5"/>
  <testcase classname="com.revature.project_0.Test.ServiceTest" name="makeDepositToNonexistentAccount" time="0.284"/>
  <testcase classname="com.revature.project_0.Test.ServiceTest" name="adminLogInWithInvalidUsername" time="0.001"/>
  <testcase classname="com.revature.project_0.Test.ServiceTest" name="userLogInWithInvalidPassword" time="0.393"/>
  <testcase classname="com.revature.project_0.Test.ServiceTest" name="deleteAccountWithWrongOwner" time="0.123"/>
  <testcase classname="com.revature.project_0.Test.ServiceTest" name="updateUsernameWithValidNames" time="1.27"/>
  <testcase classname="com.revature.project_0.Test.ServiceTest" name="deleteNonexistentUser" time="0.216"/>
  <testcase classname="com.revature.project_0.Test.ServiceTest" name="makeWithdrawalOfZero" time="0"/>
  <testcase classname="com.revature.project_0.Test.ServiceTest" name="viewUserWithValidUsername" time="0.405"/>
  <testcase classname="com.revature.project_0.Test.ServiceTest" name="adminLogInWithInvalidPassword" time="0.001"/>
  <testcase classname="com.revature.project_0.Test.ServiceTest" name="retrieveNonexistentAccount" time="0.407"/>
  <testcase classname="com.revature.project_0.Test.ServiceTest" name="createAccountForNonexistentUser" time="0.123"/>
</testsuite>